<?xml version="1.0" encoding="UTF-8"?>
<testng-results ignored="0" total="3" passed="3" failed="0" skipped="0">
  <reporter-output>
  </reporter-output>
  <suite started-at="2021-03-20T09:52:41Z" name="Suite" finished-at="2021-03-20T09:52:58Z" duration-ms="16744">
    <groups>
    </groups>
    <test started-at="2021-03-20T09:52:41Z" name="Test" finished-at="2021-03-20T09:52:58Z" duration-ms="16744">
      <class name="testcases.TC_002">
        <test-method signature="testcase()[pri:0, instance:testcases.TC_002@534a5a98]" started-at="2021-03-20T15:22:41Z" name="testcase" finished-at="2021-03-20T15:22:48Z" duration-ms="6446" status="PASS">
          <reporter-output>
          </reporter-output>
        </test-method> <!-- testcase -->
      </class> <!-- testcases.TC_002 -->
      <class name="testcases.TC_001">
        <test-method signature="testcase()[pri:0, instance:testcases.TC_001@130c12b7]" started-at="2021-03-20T15:22:48Z" name="testcase" finished-at="2021-03-20T15:22:53Z" duration-ms="5343" status="PASS">
          <reporter-output>
          </reporter-output>
        </test-method> <!-- testcase -->
      </class> <!-- testcases.TC_001 -->
      <class name="testcases.TC_003">
        <test-method signature="testcase()[pri:0, instance:testcases.TC_003@5e600dd5]" started-at="2021-03-20T15:22:53Z" name="testcase" finished-at="2021-03-20T15:22:58Z" duration-ms="4928" status="PASS">
          <reporter-output>
          </reporter-output>
        </test-method> <!-- testcase -->
      </class> <!-- testcases.TC_003 -->
    </test> <!-- Test -->
  </suite> <!-- Suite -->
</testng-results>
